c:\users\mmoss\desktop\shader_build\x64\debug\vc143.pdb
c:\users\mmoss\desktop\shader_build\x64\debug\vc143.idb
c:\users\mmoss\desktop\shader_build\x64\debug\shader.obj
c:\users\mmoss\desktop\shader_build\x64\debug\gameobject.obj
c:\users\mmoss\desktop\shader_build\x64\debug\baseobject.obj
c:\users\mmoss\desktop\shader_build\x64\debug\application.obj
c:\users\mmoss\desktop\shader_build\x64\debug\shader_build.pdb
c:\users\mmoss\desktop\shader_build\x64\debug\shader_build.tlog\cl.command.1.tlog
c:\users\mmoss\desktop\shader_build\x64\debug\shader_build.tlog\cl.read.1.tlog
c:\users\mmoss\desktop\shader_build\x64\debug\shader_build.tlog\cl.write.1.tlog
c:\users\mmoss\desktop\shader_build\x64\debug\shader_build.tlog\link-cvtres.read.1.tlog
c:\users\mmoss\desktop\shader_build\x64\debug\shader_build.tlog\link-cvtres.write.1.tlog
c:\users\mmoss\desktop\shader_build\x64\debug\shader_build.tlog\link-rc.read.1.tlog
c:\users\mmoss\desktop\shader_build\x64\debug\shader_build.tlog\link-rc.write.1.tlog
c:\users\mmoss\desktop\shader_build\x64\debug\shader_build.tlog\link.11648-cvtres.read.1.tlog
c:\users\mmoss\desktop\shader_build\x64\debug\shader_build.tlog\link.11648-cvtres.write.1.tlog
c:\users\mmoss\desktop\shader_build\x64\debug\shader_build.tlog\link.11648-rc.read.1.tlog
c:\users\mmoss\desktop\shader_build\x64\debug\shader_build.tlog\link.11648-rc.write.1.tlog
c:\users\mmoss\desktop\shader_build\x64\debug\shader_build.tlog\link.11648.read.1.tlog
c:\users\mmoss\desktop\shader_build\x64\debug\shader_build.tlog\link.11648.read.2.tlog
c:\users\mmoss\desktop\shader_build\x64\debug\shader_build.tlog\link.11648.write.1.tlog
c:\users\mmoss\desktop\shader_build\x64\debug\shader_build.tlog\link.command.1.tlog
c:\users\mmoss\desktop\shader_build\x64\debug\shader_build.tlog\link.read.1.tlog
c:\users\mmoss\desktop\shader_build\x64\debug\shader_build.tlog\link.read.2.tlog
c:\users\mmoss\desktop\shader_build\x64\debug\shader_build.tlog\link.write.1.tlog
